[ 46099.563] _XSERVTransmkdir: ERROR: euid != 0,directory /tmp/.X11-unix will not be created.
[ 46099.564] 
X.Org X Server 1.19.6
Release Date: 2017-12-20
[ 46099.564] X Protocol Version 11, Revision 0
[ 46099.564] Build Operating System: Linux 4.4.0-148-generic x86_64 Ubuntu
[ 46099.564] Current Operating System: Linux 2162afc1b742 4.15.0-1036-gcp #38~16.04.1-Ubuntu SMP Tue Jun 25 15:30:46 UTC 2019 x86_64
[ 46099.564] Kernel command line: BOOT_IMAGE=/boot/vmlinuz-4.15.0-1036-gcp root=LABEL=cloudimg-rootfs ro scsi_mod.use_blk_mq=Y console=ttyS0
[ 46099.564] Build Date: 03 June 2019  08:10:35AM
[ 46099.564] xorg-server 2:1.19.6-1ubuntu4.3 (For technical support please see http://www.ubuntu.com/support) 
[ 46099.564] Current version of pixman: 0.34.0
[ 46099.564] 	Before reporting problems, check http://wiki.x.org
	to make sure that you have the latest version.
[ 46099.564] Markers: (--) probed, (**) from config file, (==) default setting,
	(++) from command line, (!!) notice, (II) informational,
	(WW) warning, (EE) error, (NI) not implemented, (??) unknown.
[ 46099.564] (++) Log file: "/home/runner/.x.log", Time: Wed Dec 18 17:36:41 2019
[ 46099.565] (++) Using config file: "/opt/xorg.conf"
[ 46099.565] (==) Using system config directory "/usr/share/X11/xorg.conf.d"
[ 46099.565] (==) ServerLayout "dummy_layout"
[ 46099.565] (**) |-->Screen "dummy_screen" (0)
[ 46099.565] (**) |   |-->Monitor "dummy_monitor"
[ 46099.568] (**) |   |-->Device "dummy_videocard"
[ 46099.568] (**) |-->Input Device "dummy_mouse"
[ 46099.568] (**) |-->Input Device "dummy_keyboard"
[ 46099.568] (**) Option "DontVTSwitch" "true"
[ 46099.568] (**) Option "AllowMouseOpenFail" "true"
[ 46099.568] (**) Option "AutoAddDevices" "false"
[ 46099.568] (**) Option "AutoEnableDevices" "false"
[ 46099.568] (**) Not automatically adding devices
[ 46099.568] (**) Not automatically enabling devices
[ 46099.568] (==) Automatically adding GPU devices
[ 46099.568] (==) Automatically binding GPU devices
[ 46099.568] (==) Max clients allowed: 256, resource mask: 0x1fffff
[ 46099.568] (WW) The directory "/usr/share/fonts/X11/cyrillic" does not exist.
[ 46099.569] 	Entry deleted from font path.
[ 46099.569] (WW) The directory "/usr/share/fonts/X11/100dpi/" does not exist.
[ 46099.569] 	Entry deleted from font path.
[ 46099.569] (WW) The directory "/usr/share/fonts/X11/75dpi/" does not exist.
[ 46099.569] 	Entry deleted from font path.
[ 46099.569] (WW) The directory "/usr/share/fonts/X11/Type1" does not exist.
[ 46099.569] 	Entry deleted from font path.
[ 46099.569] (WW) The directory "/usr/share/fonts/X11/100dpi" does not exist.
[ 46099.569] 	Entry deleted from font path.
[ 46099.569] (WW) The directory "/usr/share/fonts/X11/75dpi" does not exist.
[ 46099.569] 	Entry deleted from font path.
[ 46099.569] (==) FontPath set to:
	/usr/share/fonts/X11/misc,
	built-ins
[ 46099.569] (==) ModulePath set to "/usr/lib/xorg/modules"
[ 46099.569] (II) Loader magic: 0x559d8ae4c020
[ 46099.569] (II) Module ABI versions:
[ 46099.569] 	X.Org ANSI C Emulation: 0.4
[ 46099.569] 	X.Org Video Driver: 23.0
[ 46099.569] 	X.Org XInput driver : 24.1
[ 46099.570] 	X.Org Server Extension : 10.0
[ 46099.570] (EE) dbus-core: error connecting to system bus: org.freedesktop.DBus.Error.FileNotFound (Failed to connect to socket /var/run/dbus/system_bus_socket: No such file or directory)
[ 46099.578] (II) no primary bus or device found
[ 46099.578] (II) LoadModule: "glx"
[ 46099.579] (II) Loading /usr/lib/xorg/modules/extensions/libglx.so
[ 46099.591] (II) Module glx: vendor="X.Org Foundation"
[ 46099.591] 	compiled for 1.19.6, module version = 1.0.0
[ 46099.591] 	ABI class: X.Org Server Extension, version 10.0
[ 46099.591] (II) LoadModule: "dummy"
[ 46099.591] (II) Loading /usr/lib/xorg/modules/drivers/dummy_drv.so
[ 46099.592] (II) Module dummy: vendor="X.Org Foundation"
[ 46099.592] 	compiled for 1.19.3, module version = 0.3.8
[ 46099.592] 	Module class: X.Org Video Driver
[ 46099.592] 	ABI class: X.Org Video Driver, version 23.0
[ 46099.592] (II) LoadModule: "void"
[ 46099.593] (WW) Warning, couldn't open module void
[ 46099.593] (II) UnloadModule: "void"
[ 46099.593] (II) Unloading void
[ 46099.593] (EE) Failed to load module "void" (module does not exist, 0)
[ 46099.593] (II) DUMMY: Driver for Dummy chipsets: dummy
[ 46099.593] (WW) Falling back to old probe method for dummy
[ 46099.593] (WW) VGA arbiter: cannot open kernel arbiter, no multi-card support
[ 46099.593] (II) DUMMY(0): Chipset is a DUMMY
[ 46099.593] (**) DUMMY(0): Depth 24, (--) framebuffer bpp 32
[ 46099.593] (==) DUMMY(0): RGB weight 888
[ 46099.593] (==) DUMMY(0): Default visual is TrueColor
[ 46099.593] (==) DUMMY(0): Using gamma correction (1.0, 1.0, 1.0)
[ 46099.593] (DB) xf86MergeOutputClassOptions unsupported bus type 0
[ 46099.593] (**) DUMMY(0): VideoRAM: 192000 kByte
[ 46099.593] (--) DUMMY(0): Max Clock: 300000 kHz
[ 46099.593] (II) DUMMY(0): dummy_monitor: Using hsync range of 5.00-1000.00 kHz
[ 46099.593] (II) DUMMY(0): dummy_monitor: Using vrefresh range of 5.00-200.00 Hz
[ 46099.593] (II) DUMMY(0): Clock range:  11.00 to 300.00 MHz
[ 46099.593] (II) DUMMY(0): Not using mode "32768x32768" (insufficient memory for mode)
[ 46099.593] (II) DUMMY(0): Not using mode "32768x16384" (insufficient memory for mode)
[ 46099.593] (II) DUMMY(0): Not using mode "16384x8192" (insufficient memory for mode)
[ 46099.593] (II) DUMMY(0): Not using mode "8192x4096" (width too large for virtual size)
[ 46099.593] (II) DUMMY(0): Not using mode "5496x1200" (width too large for virtual size)
[ 46099.593] (II) DUMMY(0): Not using mode "5280x1080" (width too large for virtual size)
[ 46099.593] (II) DUMMY(0): Not using mode "5280x1200" (width too large for virtual size)
[ 46099.593] (II) DUMMY(0): Not using mode "5120x3200" (width too large for virtual size)
[ 46099.593] (II) DUMMY(0): Not using mode "4800x1200" (width too large for virtual size)
[ 46099.593] (II) DUMMY(0): Not using mode "3840x2880" (width too large for virtual size)
[ 46099.593] (II) DUMMY(0): Not using mode "3840x2560" (width too large for virtual size)
[ 46099.593] (II) DUMMY(0): Not using mode "3840x2048" (width too large for virtual size)
[ 46099.593] (II) DUMMY(0): Not using mode "3840x1080" (width too large for virtual size)
[ 46099.593] (II) DUMMY(0): Not using mode "3600x1200" (width too large for virtual size)
[ 46099.593] (II) DUMMY(0): Not using mode "3288x1080" (width too large for virtual size)
[ 46099.593] (II) DUMMY(0): Not using mode "2048x2048" (width too large for virtual size)
[ 46099.593] (II) DUMMY(0): Not using mode "2048x1536" (width too large for virtual size)
[ 46099.593] (II) DUMMY(0): Not using mode "2560x1600" (width too large for virtual size)
[ 46099.593] (II) DUMMY(0): Not using mode "2560x1440" (width too large for virtual size)
[ 46099.593] (II) DUMMY(0): Not using mode "1920x1440" (width too large for virtual size)
[ 46099.593] (II) DUMMY(0): Not using mode "1920x1200" (width too large for virtual size)
[ 46099.593] (II) DUMMY(0): Not using mode "1920x1080" (width too large for virtual size)
[ 46099.593] (II) DUMMY(0): Not using mode "1680x1050" (width too large for virtual size)
[ 46099.593] (II) DUMMY(0): Not using mode "1600x1200" (width too large for virtual size)
[ 46099.593] (II) DUMMY(0): Not using mode "1600x900" (width too large for virtual size)
[ 46099.593] (II) DUMMY(0): Not using mode "1440x900" (width too large for virtual size)
[ 46099.593] (II) DUMMY(0): Not using mode "1366x768" (width too large for virtual size)
[ 46099.593] (II) DUMMY(0): Not using mode "1280x1024" (width too large for virtual size)
[ 46099.593] (II) DUMMY(0): Not using mode "1280x800" (width too large for virtual size)
[ 46099.593] (II) DUMMY(0): Not using mode "1280x768" (width too large for virtual size)
[ 46099.593] (II) DUMMY(0): Not using mode "1360x768" (width too large for virtual size)
[ 46099.593] (II) DUMMY(0): Not using mode "1024x768" (width too large for virtual size)
[ 46099.593] (II) DUMMY(0): Not using mode "768x1024" (height too large for virtual size)
[ 46099.593] (II) DUMMY(0): Not using mode "800x1280" (height too large for virtual size)
[ 46099.593] (II) DUMMY(0): Not using mode "1280x800" (width too large for virtual size)
[ 46099.593] (II) DUMMY(0): Not using mode "720x1280" (height too large for virtual size)
[ 46099.593] (II) DUMMY(0): Not using mode "1280x720" (width too large for virtual size)
[ 46099.593] (II) DUMMY(0): Not using mode "768x1024" (height too large for virtual size)
[ 46099.594] (II) DUMMY(0): Not using mode "1024x768" (width too large for virtual size)
[ 46099.594] (II) DUMMY(0): Not using mode "600x1024" (height too large for virtual size)
[ 46099.594] (II) DUMMY(0): Not using mode "1024x600" (width too large for virtual size)
[ 46099.594] (II) DUMMY(0): Not using mode "536x960" (height too large for virtual size)
[ 46099.594] (II) DUMMY(0): Not using mode "960x536" (width too large for virtual size)
[ 46099.594] (II) DUMMY(0): Not using mode "600x800" (height too large for virtual size)
[ 46099.594] (II) DUMMY(0): Not using mode "480x854" (height too large for virtual size)
[ 46099.594] (II) DUMMY(0): Not using mode "848x480" (width too large for virtual size)
[ 46099.594] (II) DUMMY(0): Not using mode "480x800" (height too large for virtual size)
[ 46099.594] (II) DUMMY(0): Not using mode "800x1242" (height too large for virtual size)
[ 46099.594] (II) DUMMY(0): Not using mode "1280x762" (width too large for virtual size)
[ 46099.594] (II) DUMMY(0): Not using mode "720x1242" (height too large for virtual size)
[ 46099.594] (II) DUMMY(0): Not using mode "1280x682" (width too large for virtual size)
[ 46099.594] (II) DUMMY(0): Not using mode "768x986" (height too large for virtual size)
[ 46099.594] (II) DUMMY(0): Not using mode "1024x730" (width too large for virtual size)
[ 46099.594] (II) DUMMY(0): Not using mode "600x986" (height too large for virtual size)
[ 46099.594] (II) DUMMY(0): Not using mode "1024x562" (width too large for virtual size)
[ 46099.594] (II) DUMMY(0): Not using mode "536x922" (height too large for virtual size)
[ 46099.594] (II) DUMMY(0): Not using mode "960x498" (width too large for virtual size)
[ 46099.594] (II) DUMMY(0): Not using mode "600x762" (height too large for virtual size)
[ 46099.594] (II) DUMMY(0): Not using mode "480x810" (height too large for virtual size)
[ 46099.594] (II) DUMMY(0): Not using mode "848x442" (width too large for virtual size)
[ 46099.594] (II) DUMMY(0): Not using mode "480x762" (height too large for virtual size)
[ 46099.594] (II) DUMMY(0): Not using default mode "1024x768i" (width too large for virtual size)
[ 46099.594] (II) DUMMY(0): Not using default mode "1152x864" (width too large for virtual size)
[ 46099.594] (II) DUMMY(0): Not using default mode "1280x960" (width too large for virtual size)
[ 46099.594] (II) DUMMY(0): Not using default mode "1280x960" (width too large for virtual size)
[ 46099.594] (II) DUMMY(0): Not using default mode "1792x1344" (width too large for virtual size)
[ 46099.594] (II) DUMMY(0): Not using default mode "896x672" (width too large for virtual size)
[ 46099.594] (II) DUMMY(0): Not using default mode "1792x1344" (width too large for virtual size)
[ 46099.594] (II) DUMMY(0): Not using default mode "896x672" (width too large for virtual size)
[ 46099.594] (II) DUMMY(0): Not using default mode "1856x1392" (width too large for virtual size)
[ 46099.594] (II) DUMMY(0): Not using default mode "928x696" (width too large for virtual size)
[ 46099.594] (II) DUMMY(0): Not using default mode "1856x1392" (width too large for virtual size)
[ 46099.594] (II) DUMMY(0): Not using default mode "928x696" (width too large for virtual size)
[ 46099.594] (II) DUMMY(0): Not using default mode "960x720" (width too large for virtual size)
[ 46099.594] (II) DUMMY(0): Not using default mode "960x720" (width too large for virtual size)
[ 46099.594] (II) DUMMY(0): Not using default mode "832x624" (width too large for virtual size)
[ 46099.594] (II) DUMMY(0): Not using default mode "1152x864" (width too large for virtual size)
[ 46099.594] (II) DUMMY(0): Not using default mode "1152x864" (width too large for virtual size)
[ 46099.594] (II) DUMMY(0): Not using default mode "1152x864" (width too large for virtual size)
[ 46099.594] (II) DUMMY(0): Not using default mode "1152x864" (width too large for virtual size)
[ 46099.594] (II) DUMMY(0): Not using default mode "1152x864" (width too large for virtual size)
[ 46099.594] (II) DUMMY(0): Not using default mode "1152x864" (width too large for virtual size)
[ 46099.594] (II) DUMMY(0): Not using default mode "1400x1050" (width too large for virtual size)
[ 46099.594] (II) DUMMY(0): Not using default mode "1400x1050" (width too large for virtual size)
[ 46099.594] (II) DUMMY(0): Not using default mode "1400x1050" (width too large for virtual size)
[ 46099.594] (II) DUMMY(0): Not using default mode "1400x1050" (width too large for virtual size)
[ 46099.594] (II) DUMMY(0): Not using default mode "1600x1024" (width too large for virtual size)
[ 46099.594] (II) DUMMY(0): Not using default mode "840x525" (width too large for virtual size)
[ 46099.594] (II) DUMMY(0): Not using default mode "840x525" (width too large for virtual size)
[ 46099.594] (II) DUMMY(0): Not using default mode "840x525" (width too large for virtual size)
[ 46099.594] (II) DUMMY(0): Not using default mode "840x525" (width too large for virtual size)
[ 46099.594] (II) DUMMY(0): Not using default mode "840x525" (width too large for virtual size)
[ 46099.594] (II) DUMMY(0): Not using default mode "960x540" (width too large for virtual size)
[ 46099.594] (II) DUMMY(0): Not using default mode "960x600" (width too large for virtual size)
[ 46099.594] (II) DUMMY(0): Not using default mode "960x720" (width too large for virtual size)
[ 46099.594] (II) DUMMY(0): Not using default mode "320x180" (bad mode clock/interlace/doublescan)
[ 46099.594] (II) DUMMY(0): Not using default mode "320x180" (bad mode clock/interlace/doublescan)
[ 46099.594] (II) DUMMY(0): Not using default mode "720x405" (monitor doesn't support reduced blanking)
[ 46099.594] (II) DUMMY(0): Not using default mode "360x202" (bad mode clock/interlace/doublescan)
[ 46099.594] (II) DUMMY(0): Not using default mode "864x486" (width too large for virtual size)
[ 46099.594] (II) DUMMY(0): Not using default mode "864x486" (width too large for virtual size)
[ 46099.594] (II) DUMMY(0): Not using default mode "960x540" (width too large for virtual size)
[ 46099.594] (II) DUMMY(0): Not using default mode "960x540" (width too large for virtual size)
[ 46099.594] (II) DUMMY(0): Not using default mode "1024x576" (width too large for virtual size)
[ 46099.594] (II) DUMMY(0): Not using default mode "1024x576" (width too large for virtual size)
[ 46099.594] (II) DUMMY(0): Not using default mode "1368x768" (width too large for virtual size)
[ 46099.594] (II) DUMMY(0): Not using default mode "1368x768" (width too large for virtual size)
[ 46099.594] (II) DUMMY(0): Not using default mode "960x540" (width too large for virtual size)
[ 46099.594] (II) DUMMY(0): Not using default mode "960x540" (width too large for virtual size)
[ 46099.594] (II) DUMMY(0): Not using default mode "2048x1152" (width too large for virtual size)
[ 46099.594] (II) DUMMY(0): Not using default mode "1024x576" (width too large for virtual size)
[ 46099.594] (II) DUMMY(0): Not using default mode "2048x1152" (width too large for virtual size)
[ 46099.594] (II) DUMMY(0): Not using default mode "1024x576" (width too large for virtual size)
[ 46099.594] (II) DUMMY(0): Not using default mode "2880x1620" (width too large for virtual size)
[ 46099.594] (II) DUMMY(0): Not using default mode "1440x810" (width too large for virtual size)
[ 46099.594] (II) DUMMY(0): Not using default mode "2880x1620" (width too large for virtual size)
[ 46099.594] (II) DUMMY(0): Not using default mode "1440x810" (width too large for virtual size)
[ 46099.594] (II) DUMMY(0): Not using default mode "3200x1800" (width too large for virtual size)
[ 46099.594] (II) DUMMY(0): Not using default mode "3200x1800" (width too large for virtual size)
[ 46099.594] (II) DUMMY(0): Not using default mode "3840x2160" (width too large for virtual size)
[ 46099.594] (II) DUMMY(0): Not using default mode "3840x2160" (width too large for virtual size)
[ 46099.594] (II) DUMMY(0): Not using default mode "4096x2304" (width too large for virtual size)
[ 46099.594] (II) DUMMY(0): Not using default mode "2048x1152" (width too large for virtual size)
[ 46099.594] (II) DUMMY(0): Not using default mode "4096x2304" (width too large for virtual size)
[ 46099.594] (II) DUMMY(0): Not using default mode "2048x1152" (width too large for virtual size)
[ 46099.594] (II) DUMMY(0): Not using default mode "5120x2880" (width too large for virtual size)
[ 46099.594] (II) DUMMY(0): Not using default mode "5120x2880" (width too large for virtual size)
[ 46099.594] (II) DUMMY(0): Not using default mode "7680x4320" (width too large for virtual size)
[ 46099.594] (II) DUMMY(0): Not using default mode "3840x2160" (width too large for virtual size)
[ 46099.594] (II) DUMMY(0): Not using default mode "7680x4320" (width too large for virtual size)
[ 46099.594] (II) DUMMY(0): Not using default mode "3840x2160" (width too large for virtual size)
[ 46099.594] (II) DUMMY(0): Not using default mode "15360x8640" (insufficient memory for mode)
[ 46099.594] (II) DUMMY(0): Not using default mode "7680x4320" (width too large for virtual size)
[ 46099.594] (II) DUMMY(0): Not using default mode "15360x8640" (insufficient memory for mode)
[ 46099.594] (II) DUMMY(0): Not using default mode "7680x4320" (width too large for virtual size)
[ 46099.594] (II) DUMMY(0): Not using default mode "1400x900" (width too large for virtual size)
[ 46099.594] (II) DUMMY(0): Not using default mode "1400x900" (width too large for virtual size)
[ 46099.595] (II) DUMMY(0): Not using default mode "840x525" (width too large for virtual size)
[ 46099.595] (II) DUMMY(0): Not using default mode "840x525" (width too large for virtual size)
[ 46099.595] (II) DUMMY(0): Not using default mode "960x600" (width too large for virtual size)
[ 46099.595] (II) DUMMY(0): Not using default mode "960x600" (width too large for virtual size)
[ 46099.595] (II) DUMMY(0): Not using mode "05120x3200" (no mode of this name)
[ 46099.595] (II) DUMMY(0): Not using mode "3840x2880" (no mode of this name)
[ 46099.595] (II) DUMMY(0): Not using mode "3840x2560" (no mode of this name)
[ 46099.595] (II) DUMMY(0): Not using mode "3840x2048" (no mode of this name)
[ 46099.595] (II) DUMMY(0): Not using mode "2048x2048" (no mode of this name)
[ 46099.595] (II) DUMMY(0): Not using mode "2560x1600" (no mode of this name)
[ 46099.595] (II) DUMMY(0): Not using mode "1920x1440" (no mode of this name)
[ 46099.595] (II) DUMMY(0): Not using mode "1920x1200" (no mode of this name)
[ 46099.595] (II) DUMMY(0): Not using mode "1920x1080" (no mode of this name)
[ 46099.595] (II) DUMMY(0): Not using mode "1600x1200" (no mode of this name)
[ 46099.595] (II) DUMMY(0): Not using mode "1680x1050" (no mode of this name)
[ 46099.595] (II) DUMMY(0): Not using mode "1600x900" (no mode of this name)
[ 46099.595] (II) DUMMY(0): Not using mode "1400x1050" (no mode of this name)
[ 46099.595] (II) DUMMY(0): Not using mode "1440x900" (no mode of this name)
[ 46099.595] (II) DUMMY(0): Not using mode "1280x1024" (no mode of this name)
[ 46099.595] (II) DUMMY(0): Not using mode "1366x768" (no mode of this name)
[ 46099.595] (II) DUMMY(0): Not using mode "1280x800" (no mode of this name)
[ 46099.595] (II) DUMMY(0): Not using mode "1024x768" (no mode of this name)
[ 46099.595] (II) DUMMY(0): Not using mode "1024x600" (no mode of this name)
[ 46099.596] (**) DUMMY(0): Virtual size is 800x600 (pitch 800)
[ 46099.596] (**) DUMMY(0): *Mode "800x600": 14.5 MHz, 15.9 kHz, 25.2 Hz
[ 46099.596] (II) DUMMY(0): Modeline "800x600"x25.2   14.50  800 832 880 912  600 614 617 631 (15.9 kHz z)
[ 46099.596] (**) DUMMY(0): *Default mode "320x200": 15.8 MHz, 37.9 kHz, 85.3 Hz (D)
[ 46099.596] (II) DUMMY(0): Modeline "320x200"x85.3   15.75  320 336 368 416  200 200 202 222 doublescan -hsync +vsync (37.9 kHz zd)
[ 46099.596] (**) DUMMY(0):  Mode "800x562": 13.5 MHz, 14.8 kHz, 25.1 Hz
[ 46099.596] (II) DUMMY(0): Modeline "800x562"x25.1   13.52  800 832 880 912  562 575 578 591 (14.8 kHz)
[ 46099.596] (**) DUMMY(0):  Mode "800x480": 11.5 MHz, 12.7 kHz, 25.1 Hz
[ 46099.596] (II) DUMMY(0): Modeline "800x480"x25.1   11.46  800 832 872 904  480 491 493 505 (12.7 kHz)
[ 46099.596] (**) DUMMY(0):  Default mode "700x525": 89.6 MHz, 93.8 kHz, 85.1 Hz (D)
[ 46099.596] (II) DUMMY(0): Modeline "700x525"x85.1   89.63  700 752 828 956  525 525 527 551 doublescan -hsync +vsync (93.8 kHz d)
[ 46099.596] (**) DUMMY(0):  Default mode "700x525": 77.9 MHz, 81.5 kHz, 74.8 Hz (D)
[ 46099.596] (II) DUMMY(0): Modeline "700x525"x74.8   77.90  700 732 892 956  525 526 532 545 doublescan +hsync +vsync (81.5 kHz d)
[ 46099.596] (**) DUMMY(0):  Default mode "700x525": 72.5 MHz, 76.5 kHz, 70.1 Hz (D)
[ 46099.596] (II) DUMMY(0): Modeline "700x525"x70.1   72.53  700 748 824 948  525 525 527 546 doublescan -hsync +vsync (76.5 kHz d)
[ 46099.596] (**) DUMMY(0):  Default mode "700x525": 61.0 MHz, 64.9 kHz, 60.0 Hz (D)
[ 46099.596] (II) DUMMY(0): Modeline "700x525"x60.0   61.00  700 744 820 940  525 526 532 541 doublescan +hsync +vsync (64.9 kHz d)
[ 46099.596] (**) DUMMY(0):  Default mode "800x450": 59.1 MHz, 56.0 kHz, 59.9 Hz (D)
[ 46099.596] (II) DUMMY(0): Modeline "800x450"x59.9   59.12  800 848 928 1056  450 451 454 467 doublescan -hsync +vsync (56.0 kHz d)
[ 46099.596] (**) DUMMY(0):  Default mode "640x512": 78.8 MHz, 91.1 kHz, 85.0 Hz (D)
[ 46099.596] (II) DUMMY(0): Modeline "640x512"x85.0   78.75  640 672 752 864  512 512 514 536 doublescan +hsync +vsync (91.1 kHz d)
[ 46099.596] (**) DUMMY(0):  Default mode "640x512": 67.5 MHz, 80.0 kHz, 75.0 Hz (D)
[ 46099.596] (II) DUMMY(0): Modeline "640x512"x75.0   67.50  640 648 720 844  512 512 514 533 doublescan +hsync +vsync (80.0 kHz d)
[ 46099.596] (**) DUMMY(0):  Default mode "640x512": 54.0 MHz, 64.0 kHz, 60.0 Hz (D)
[ 46099.596] (II) DUMMY(0): Modeline "640x512"x60.0   54.00  640 664 720 844  512 512 514 533 doublescan +hsync +vsync (64.0 kHz d)
[ 46099.596] (**) DUMMY(0):  Default mode "720x450": 53.2 MHz, 55.9 kHz, 59.9 Hz (D)
[ 46099.596] (II) DUMMY(0): Modeline "720x450"x59.9   53.25  720 760 836 952  450 451 454 467 doublescan -hsync +vsync (55.9 kHz d)
[ 46099.596] (**) DUMMY(0):  Default mode "700x450": 51.8 MHz, 56.0 kHz, 60.0 Hz (D)
[ 46099.597] (II) DUMMY(0): Modeline "700x450"x60.0   51.75  700 740 812 924  450 451 456 467 doublescan -hsync +vsync (56.0 kHz d)
[ 46099.597] (**) DUMMY(0):  Default mode "640x480": 74.2 MHz, 85.9 kHz, 85.1 Hz (D)
[ 46099.597] (II) DUMMY(0): Modeline "640x480"x85.1   74.25  640 672 752 864  480 480 482 505 doublescan +hsync +vsync (85.9 kHz d)
[ 46099.597] (**) DUMMY(0):  Default mode "640x480": 36.0 MHz, 43.3 kHz, 85.0 Hz
[ 46099.597] (II) DUMMY(0): Modeline "640x480"x85.0   36.00  640 696 752 832  480 481 484 509 -hsync -vsync (43.3 kHz d)
[ 46099.597] (**) DUMMY(0):  Default mode "640x480": 31.5 MHz, 37.5 kHz, 75.0 Hz
[ 46099.597] (II) DUMMY(0): Modeline "640x480"x75.0   31.50  640 656 720 840  480 481 484 500 -hsync -vsync (37.5 kHz d)
[ 46099.597] (**) DUMMY(0):  Default mode "640x480": 31.5 MHz, 37.9 kHz, 72.8 Hz
[ 46099.597] (II) DUMMY(0): Modeline "640x480"x72.8   31.50  640 664 704 832  480 489 492 520 -hsync -vsync (37.9 kHz d)
[ 46099.597] (**) DUMMY(0):  Default mode "640x480": 54.0 MHz, 60.0 kHz, 60.0 Hz (D)
[ 46099.597] (II) DUMMY(0): Modeline "640x480"x60.0   54.00  640 688 744 900  480 480 482 500 doublescan +hsync +vsync (60.0 kHz d)
[ 46099.597] (**) DUMMY(0):  Default mode "640x480": 25.2 MHz, 31.5 kHz, 59.9 Hz
[ 46099.597] (II) DUMMY(0): Modeline "640x480"x59.9   25.18  640 656 752 800  480 490 492 525 -hsync -vsync (31.5 kHz d)
[ 46099.597] (**) DUMMY(0):  Default mode "720x405": 22.5 MHz, 25.1 kHz, 59.5 Hz
[ 46099.597] (II) DUMMY(0): Modeline "720x405"x59.5   22.50  720 744 808 896  405 408 413 422 -hsync +vsync (25.1 kHz d)
[ 46099.597] (**) DUMMY(0):  Default mode "720x400": 35.5 MHz, 37.9 kHz, 85.0 Hz
[ 46099.597] (II) DUMMY(0): Modeline "720x400"x85.0   35.50  720 756 828 936  400 401 404 446 -hsync +vsync (37.9 kHz d)
[ 46099.597] (**) DUMMY(0):  Default mode "684x384": 42.6 MHz, 47.8 kHz, 59.9 Hz (D)
[ 46099.597] (II) DUMMY(0): Modeline "684x384"x59.9   42.62  684 720 788 892  384 385 390 399 doublescan -hsync +vsync (47.8 kHz d)
[ 46099.597] (**) DUMMY(0):  Default mode "680x384": 36.0 MHz, 47.4 kHz, 60.0 Hz (D)
[ 46099.597] (II) DUMMY(0): Modeline "680x384"x60.0   36.00  680 704 720 760  384 385 390 395 doublescan +hsync -vsync (47.4 kHz d)
[ 46099.597] (**) DUMMY(0):  Default mode "680x384": 42.4 MHz, 47.7 kHz, 59.8 Hz (D)
[ 46099.597] (II) DUMMY(0): Modeline "680x384"x59.8   42.38  680 716 784 888  384 385 390 399 doublescan -hsync +vsync (47.7 kHz d)
[ 46099.597] (**) DUMMY(0):  Default mode "640x400": 31.5 MHz, 37.9 kHz, 85.1 Hz
[ 46099.597] (II) DUMMY(0): Modeline "640x400"x85.1   31.50  640 672 736 832  400 401 404 445 -hsync +vsync (37.9 kHz d)
[ 46099.597] (**) DUMMY(0):  Default mode "640x400": 35.5 MHz, 49.3 kHz, 60.0 Hz (D)
[ 46099.597] (II) DUMMY(0): Modeline "640x400"x60.0   35.50  640 664 680 720  400 401 404 411 doublescan +hsync -vsync (49.3 kHz d)
[ 46099.597] (**) DUMMY(0):  Default mode "640x400": 41.8 MHz, 49.7 kHz, 59.9 Hz (D)
[ 46099.597] (II) DUMMY(0): Modeline "640x400"x59.9   41.75  640 676 740 840  400 401 404 415 doublescan -hsync +vsync (49.7 kHz d)
[ 46099.597] (**) DUMMY(0):  Default mode "576x432": 71.7 MHz, 91.5 kHz, 100.1 Hz (D)
[ 46099.597] (II) DUMMY(0): Modeline "576x432"x100.1   71.73  576 616 680 784  432 432 434 457 doublescan -hsync +vsync (91.5 kHz d)
[ 46099.597] (**) DUMMY(0):  Default mode "576x432": 60.8 MHz, 77.5 kHz, 85.2 Hz (D)
[ 46099.597] (II) DUMMY(0): Modeline "576x432"x85.2   60.75  576 608 672 784  432 432 434 455 doublescan +hsync -vsync (77.5 kHz d)
[ 46099.597] (**) DUMMY(0):  Default mode "576x432": 59.8 MHz, 77.1 kHz, 85.1 Hz (D)
[ 46099.597] (II) DUMMY(0): Modeline "576x432"x85.1   59.83  576 612 676 776  432 432 434 453 doublescan -hsync +vsync (77.1 kHz d)
[ 46099.597] (**) DUMMY(0):  Default mode "576x432": 54.0 MHz, 67.5 kHz, 75.0 Hz (D)
[ 46099.597] (II) DUMMY(0): Modeline "576x432"x75.0   54.00  576 608 672 800  432 432 434 450 doublescan +hsync +vsync (67.5 kHz d)
[ 46099.597] (**) DUMMY(0):  Default mode "576x432": 52.5 MHz, 67.6 kHz, 75.0 Hz (D)
[ 46099.597] (II) DUMMY(0): Modeline "576x432"x75.0   52.49  576 612 676 776  432 432 434 451 doublescan -hsync +vsync (67.6 kHz d)
[ 46099.597] (**) DUMMY(0):  Default mode "576x432": 48.4 MHz, 63.0 kHz, 70.0 Hz (D)
[ 46099.597] (II) DUMMY(0): Modeline "576x432"x70.0   48.38  576 612 672 768  432 432 434 450 doublescan -hsync +vsync (63.0 kHz d)
[ 46099.597] (**) DUMMY(0):  Default mode "576x432": 40.8 MHz, 53.7 kHz, 60.1 Hz (D)
[ 46099.597] (II) DUMMY(0): Modeline "576x432"x60.1   40.81  576 608 668 760  432 432 434 447 doublescan -hsync +vsync (53.7 kHz d)
[ 46099.597] (**) DUMMY(0):  Default mode "640x360": 37.2 MHz, 44.8 kHz, 59.9 Hz (D)
[ 46099.597] (II) DUMMY(0): Modeline "640x360"x59.9   37.25  640 672 736 832  360 361 364 374 doublescan -hsync +vsync (44.8 kHz d)
[ 46099.597] (**) DUMMY(0):  Default mode "640x360": 18.0 MHz, 22.5 kHz, 59.8 Hz
[ 46099.597] (II) DUMMY(0): Modeline "640x360"x59.8   18.00  640 664 720 800  360 363 368 376 -hsync +vsync (22.5 kHz d)
[ 46099.597] (**) DUMMY(0):  Default mode "640x360": 31.9 MHz, 44.3 kHz, 59.8 Hz (D)
[ 46099.597] (II) DUMMY(0): Modeline "640x360"x59.8   31.88  640 664 680 720  360 361 364 370 doublescan +hsync -vsync (44.3 kHz d)
[ 46099.597] (**) DUMMY(0):  Default mode "640x360": 17.8 MHz, 22.2 kHz, 59.3 Hz
[ 46099.597] (II) DUMMY(0): Modeline "640x360"x59.3   17.75  640 688 720 800  360 363 368 374 +hsync -vsync (22.2 kHz d)
[ 46099.597] (**) DUMMY(0):  Default mode "640x350": 31.5 MHz, 37.9 kHz, 85.1 Hz
[ 46099.597] (II) DUMMY(0): Modeline "640x350"x85.1   31.50  640 672 736 832  350 382 385 445 +hsync -vsync (37.9 kHz d)
[ 46099.597] (**) DUMMY(0):  Default mode "512x384i": 22.4 MHz, 35.5 kHz, 86.6 Hz (D)
[ 46099.598] (II) DUMMY(0): Modeline "512x384i"x86.6   22.45  512 516 604 632  384 384 388 409 interlace doublescan +hsync +vsync (35.5 kHz d)
[ 46099.598] (**) DUMMY(0):  Default mode "512x384": 47.2 MHz, 68.7 kHz, 85.0 Hz (D)
[ 46099.598] (II) DUMMY(0): Modeline "512x384"x85.0   47.25  512 536 584 688  384 384 386 404 doublescan +hsync +vsync (68.7 kHz d)
[ 46099.598] (**) DUMMY(0):  Default mode "512x384": 39.4 MHz, 60.0 kHz, 75.0 Hz (D)
[ 46099.598] (II) DUMMY(0): Modeline "512x384"x75.0   39.38  512 520 568 656  384 384 386 400 doublescan +hsync +vsync (60.0 kHz d)
[ 46099.598] (**) DUMMY(0):  Default mode "512x384": 37.5 MHz, 56.5 kHz, 70.1 Hz (D)
[ 46099.598] (II) DUMMY(0): Modeline "512x384"x70.1   37.50  512 524 592 664  384 385 388 403 doublescan -hsync -vsync (56.5 kHz d)
[ 46099.598] (**) DUMMY(0):  Default mode "512x384": 32.5 MHz, 48.4 kHz, 60.0 Hz (D)
[ 46099.598] (II) DUMMY(0): Modeline "512x384"x60.0   32.50  512 524 592 672  384 385 388 403 doublescan -hsync -vsync (48.4 kHz d)
[ 46099.598] (**) DUMMY(0):  Default mode "512x288": 23.2 MHz, 35.9 kHz, 60.0 Hz (D)
[ 46099.598] (II) DUMMY(0): Modeline "512x288"x60.0   23.25  512 532 580 648  288 289 292 299 doublescan -hsync +vsync (35.9 kHz d)
[ 46099.598] (**) DUMMY(0):  Default mode "512x288": 21.0 MHz, 35.5 kHz, 59.9 Hz (D)
[ 46099.598] (II) DUMMY(0): Modeline "512x288"x59.9   21.00  512 536 552 592  288 289 292 296 doublescan +hsync -vsync (35.5 kHz d)
[ 46099.598] (**) DUMMY(0):  Default mode "416x312": 28.6 MHz, 49.7 kHz, 74.7 Hz (D)
[ 46099.598] (II) DUMMY(0): Modeline "416x312"x74.7   28.64  416 432 464 576  312 312 314 333 doublescan -hsync -vsync (49.7 kHz d)
[ 46099.598] (**) DUMMY(0):  Default mode "480x270": 18.6 MHz, 33.3 kHz, 59.8 Hz (D)
[ 46099.598] (II) DUMMY(0): Modeline "480x270"x59.8   18.62  480 504 520 560  270 271 274 278 doublescan +hsync -vsync (33.3 kHz d)
[ 46099.598] (**) DUMMY(0):  Default mode "480x270": 20.4 MHz, 33.5 kHz, 59.6 Hz (D)
[ 46099.598] (II) DUMMY(0): Modeline "480x270"x59.6   20.38  480 496 544 608  270 271 274 281 doublescan -hsync +vsync (33.5 kHz d)
[ 46099.598] (**) DUMMY(0):  Default mode "400x300": 28.1 MHz, 53.7 kHz, 85.3 Hz (D)
[ 46099.598] (II) DUMMY(0): Modeline "400x300"x85.3   28.15  400 416 448 524  300 300 302 315 doublescan +hsync +vsync (53.7 kHz d)
[ 46099.598] (**) DUMMY(0):  Default mode "400x300": 24.8 MHz, 46.9 kHz, 75.1 Hz (D)
[ 46099.598] (II) DUMMY(0): Modeline "400x300"x75.1   24.75  400 408 448 528  300 300 302 312 doublescan +hsync +vsync (46.9 kHz d)
[ 46099.598] (**) DUMMY(0):  Default mode "400x300": 25.0 MHz, 48.1 kHz, 72.2 Hz (D)
[ 46099.598] (II) DUMMY(0): Modeline "400x300"x72.2   25.00  400 428 488 520  300 318 321 333 doublescan +hsync +vsync (48.1 kHz d)
[ 46099.598] (**) DUMMY(0):  Default mode "400x300": 20.0 MHz, 37.9 kHz, 60.3 Hz (D)
[ 46099.598] (II) DUMMY(0): Modeline "400x300"x60.3   20.00  400 420 484 528  300 300 302 314 doublescan +hsync +vsync (37.9 kHz d)
[ 46099.598] (**) DUMMY(0):  Default mode "400x300": 18.0 MHz, 35.2 kHz, 56.3 Hz (D)
[ 46099.598] (II) DUMMY(0): Modeline "400x300"x56.3   18.00  400 412 448 512  300 300 301 312 doublescan +hsync +vsync (35.2 kHz d)
[ 46099.598] (**) DUMMY(0):  Default mode "432x243": 16.2 MHz, 30.3 kHz, 59.9 Hz (D)
[ 46099.598] (II) DUMMY(0): Modeline "432x243"x59.9   16.25  432 444 484 536  243 244 247 253 doublescan -hsync +vsync (30.3 kHz d)
[ 46099.598] (**) DUMMY(0):  Default mode "432x243": 15.2 MHz, 29.8 kHz, 59.6 Hz (D)
[ 46099.598] (II) DUMMY(0): Modeline "432x243"x59.6   15.25  432 456 472 512  243 244 247 250 doublescan +hsync -vsync (29.8 kHz d)
[ 46099.598] (**) DUMMY(0):  Default mode "320x240": 18.0 MHz, 43.3 kHz, 85.2 Hz (D)
[ 46099.598] (II) DUMMY(0): Modeline "320x240"x85.2   18.00  320 348 376 416  240 240 242 254 doublescan -hsync -vsync (43.3 kHz d)
[ 46099.598] (**) DUMMY(0):  Default mode "320x240": 15.8 MHz, 37.5 kHz, 75.0 Hz (D)
[ 46099.598] (II) DUMMY(0): Modeline "320x240"x75.0   15.75  320 328 360 420  240 240 242 250 doublescan -hsync -vsync (37.5 kHz d)
[ 46099.598] (**) DUMMY(0):  Default mode "320x240": 15.8 MHz, 37.9 kHz, 72.8 Hz (D)
[ 46099.598] (II) DUMMY(0): Modeline "320x240"x72.8   15.75  320 332 352 416  240 244 246 260 doublescan -hsync -vsync (37.9 kHz d)
[ 46099.598] (**) DUMMY(0):  Default mode "320x240": 12.6 MHz, 31.5 kHz, 60.1 Hz (D)
[ 46099.598] (II) DUMMY(0): Modeline "320x240"x60.1   12.59  320 328 376 400  240 245 246 262 doublescan -hsync -vsync (31.5 kHz d)
[ 46099.599] (**) DUMMY(0):  Default mode "360x202": 11.2 MHz, 25.1 kHz, 59.5 Hz (D)
[ 46099.599] (II) DUMMY(0): Modeline "360x202"x59.5   11.25  360 372 404 448  202 204 206 211 doublescan -hsync +vsync (25.1 kHz d)
[ 46099.599] (**) DUMMY(0):  Default mode "360x200": 17.8 MHz, 37.9 kHz, 85.0 Hz (D)
[ 46099.599] (II) DUMMY(0): Modeline "360x200"x85.0   17.75  360 378 414 468  200 200 202 223 doublescan -hsync +vsync (37.9 kHz d)
[ 46099.599] (**) DUMMY(0):  Default mode "320x175": 15.8 MHz, 37.9 kHz, 85.3 Hz (D)
[ 46099.599] (II) DUMMY(0): Modeline "320x175"x85.3   15.75  320 336 368 416  175 191 192 222 doublescan +hsync -vsync (37.9 kHz d)
[ 46099.599] (==) DUMMY(0): DPI set to (96, 96)
[ 46099.599] (II) Loading sub module "fb"
[ 46099.599] (II) LoadModule: "fb"
[ 46099.599] (II) Loading /usr/lib/xorg/modules/libfb.so
[ 46099.604] (II) Module fb: vendor="X.Org Foundation"
[ 46099.604] 	compiled for 1.19.6, module version = 1.0.0
[ 46099.604] 	ABI class: X.Org ANSI C Emulation, version 0.4
[ 46099.604] (II) Loading sub module "ramdac"
[ 46099.604] (II) LoadModule: "ramdac"
[ 46099.604] (II) Module "ramdac" already built-in
[ 46099.604] (--) Depth 24 pixmap format is 32 bpp
[ 46099.605] (II) DUMMY(0): Using 60840 scanlines of offscreen memory 
[ 46099.605] (==) DUMMY(0): Backing store enabled
[ 46099.605] (==) DUMMY(0): Silken mouse enabled
[ 46099.605] (WW) DUMMY(0): Option "ConstantDPI" is not used
[ 46099.605] (==) RandR enabled
[ 46099.626] (II) SELinux: Disabled on system
[ 46099.640] (II) AIGLX: Screen 0 is not DRI2 capable
[ 46099.640] (EE) AIGLX: reverting to software rendering
[ 46099.690] (II) IGLX: enabled GLX_MESA_copy_sub_buffer
[ 46099.691] (II) IGLX: Loaded and initialized swrast
[ 46099.691] (II) GLX: Initialized DRISWRAST GL provider for screen 0
[ 46099.794] (II) LoadModule: "void"
[ 46099.795] (WW) Warning, couldn't open module void
[ 46099.795] (II) UnloadModule: "void"
[ 46099.795] (II) Unloading void
[ 46099.795] (EE) Failed to load module "void" (module does not exist, 0)
[ 46099.795] (EE) No input driver matching `void'
[ 46099.795] (II) Falling back to input driver `libinput'
[ 46099.795] (II) LoadModule: "libinput"
[ 46099.795] (WW) Warning, couldn't open module libinput
[ 46099.795] (II) UnloadModule: "libinput"
[ 46099.795] (II) Unloading libinput
[ 46099.795] (EE) Failed to load module "libinput" (module does not exist, 0)
[ 46099.795] (II) LoadModule: "void"
[ 46099.795] (WW) Warning, couldn't open module void
[ 46099.795] (II) UnloadModule: "void"
[ 46099.795] (II) Unloading void
[ 46099.795] (EE) Failed to load module "void" (module does not exist, 0)
[ 46099.795] (EE) No input driver matching `void'
[ 46099.795] (II) Falling back to input driver `libinput'
[ 46099.795] (II) LoadModule: "libinput"
[ 46099.796] (WW) Warning, couldn't open module libinput
[ 46099.796] (II) UnloadModule: "libinput"
[ 46099.796] (II) Unloading libinput
[ 46099.796] (EE) Failed to load module "libinput" (module does not exist, 0)
[ 46099.874] (EE) dbus-core: error connecting to system bus: org.freedesktop.DBus.Error.FileNotFound (Failed to connect to socket /var/run/dbus/system_bus_socket: No such file or directory)
[ 46109.874] (EE) dbus-core: error connecting to system bus: org.freedesktop.DBus.Error.FileNotFound (Failed to connect to socket /var/run/dbus/system_bus_socket: No such file or directory)
[ 46119.874] (EE) dbus-core: error connecting to system bus: org.freedesktop.DBus.Error.FileNotFound (Failed to connect to socket /var/run/dbus/system_bus_socket: No such file or directory)
[ 46129.881] (EE) dbus-core: error connecting to system bus: org.freedesktop.DBus.Error.FileNotFound (Failed to connect to socket /var/run/dbus/system_bus_socket: No such file or directory)
[ 46139.881] (EE) dbus-core: error connecting to system bus: org.freedesktop.DBus.Error.FileNotFound (Failed to connect to socket /var/run/dbus/system_bus_socket: No such file or directory)
[ 46149.885] (EE) dbus-core: error connecting to system bus: org.freedesktop.DBus.Error.FileNotFound (Failed to connect to socket /var/run/dbus/system_bus_socket: No such file or directory)
[ 46159.886] (EE) dbus-core: error connecting to system bus: org.freedesktop.DBus.Error.FileNotFound (Failed to connect to socket /var/run/dbus/system_bus_socket: No such file or directory)
[ 46169.886] (EE) dbus-core: error connecting to system bus: org.freedesktop.DBus.Error.FileNotFound (Failed to connect to socket /var/run/dbus/system_bus_socket: No such file or directory)
[ 46179.886] (EE) dbus-core: error connecting to system bus: org.freedesktop.DBus.Error.FileNotFound (Failed to connect to socket /var/run/dbus/system_bus_socket: No such file or directory)
[ 46189.886] (EE) dbus-core: error connecting to system bus: org.freedesktop.DBus.Error.FileNotFound (Failed to connect to socket /var/run/dbus/system_bus_socket: No such file or directory)
[ 46199.887] (EE) dbus-core: error connecting to system bus: org.freedesktop.DBus.Error.FileNotFound (Failed to connect to socket /var/run/dbus/system_bus_socket: No such file or directory)
[ 46209.888] (EE) dbus-core: error connecting to system bus: org.freedesktop.DBus.Error.FileNotFound (Failed to connect to socket /var/run/dbus/system_bus_socket: No such file or directory)
[ 46219.888] (EE) dbus-core: error connecting to system bus: org.freedesktop.DBus.Error.FileNotFound (Failed to connect to socket /var/run/dbus/system_bus_socket: No such file or directory)
[ 46229.888] (EE) dbus-core: error connecting to system bus: org.freedesktop.DBus.Error.FileNotFound (Failed to connect to socket /var/run/dbus/system_bus_socket: No such file or directory)
[ 46239.889] (EE) dbus-core: error connecting to system bus: org.freedesktop.DBus.Error.FileNotFound (Failed to connect to socket /var/run/dbus/system_bus_socket: No such file or directory)
[ 46249.889] (EE) dbus-core: error connecting to system bus: org.freedesktop.DBus.Error.FileNotFound (Failed to connect to socket /var/run/dbus/system_bus_socket: No such file or directory)
[ 46259.890] (EE) dbus-core: error connecting to system bus: org.freedesktop.DBus.Error.FileNotFound (Failed to connect to socket /var/run/dbus/system_bus_socket: No such file or directory)
[ 46269.891] (EE) dbus-core: error connecting to system bus: org.freedesktop.DBus.Error.FileNotFound (Failed to connect to socket /var/run/dbus/system_bus_socket: No such file or directory)
[ 46279.892] (EE) dbus-core: error connecting to system bus: org.freedesktop.DBus.Error.FileNotFound (Failed to connect to socket /var/run/dbus/system_bus_socket: No such file or directory)
[ 46289.893] (EE) dbus-core: error connecting to system bus: org.freedesktop.DBus.Error.FileNotFound (Failed to connect to socket /var/run/dbus/system_bus_socket: No such file or directory)
[ 46299.894] (EE) dbus-core: error connecting to system bus: org.freedesktop.DBus.Error.FileNotFound (Failed to connect to socket /var/run/dbus/system_bus_socket: No such file or directory)
[ 46309.895] (EE) dbus-core: error connecting to system bus: org.freedesktop.DBus.Error.FileNotFound (Failed to connect to socket /var/run/dbus/system_bus_socket: No such file or directory)
[ 46319.896] (EE) dbus-core: error connecting to system bus: org.freedesktop.DBus.Error.FileNotFound (Failed to connect to socket /var/run/dbus/system_bus_socket: No such file or directory)
[ 46329.897] (EE) dbus-core: error connecting to system bus: org.freedesktop.DBus.Error.FileNotFound (Failed to connect to socket /var/run/dbus/system_bus_socket: No such file or directory)
[ 46339.900] (EE) dbus-core: error connecting to system bus: org.freedesktop.DBus.Error.FileNotFound (Failed to connect to socket /var/run/dbus/system_bus_socket: No such file or directory)
[ 46349.900] (EE) dbus-core: error connecting to system bus: org.freedesktop.DBus.Error.FileNotFound (Failed to connect to socket /var/run/dbus/system_bus_socket: No such file or directory)
[ 46359.901] (EE) dbus-core: error connecting to system bus: org.freedesktop.DBus.Error.FileNotFound (Failed to connect to socket /var/run/dbus/system_bus_socket: No such file or directory)
[ 46369.902] (EE) dbus-core: error connecting to system bus: org.freedesktop.DBus.Error.FileNotFound (Failed to connect to socket /var/run/dbus/system_bus_socket: No such file or directory)
[ 46379.903] (EE) dbus-core: error connecting to system bus: org.freedesktop.DBus.Error.FileNotFound (Failed to connect to socket /var/run/dbus/system_bus_socket: No such file or directory)
[ 46389.906] (EE) dbus-core: error connecting to system bus: org.freedesktop.DBus.Error.FileNotFound (Failed to connect to socket /var/run/dbus/system_bus_socket: No such file or directory)
[ 46399.907] (EE) dbus-core: error connecting to system bus: org.freedesktop.DBus.Error.FileNotFound (Failed to connect to socket /var/run/dbus/system_bus_socket: No such file or directory)
[ 46409.908] (EE) dbus-core: error connecting to system bus: org.freedesktop.DBus.Error.FileNotFound (Failed to connect to socket /var/run/dbus/system_bus_socket: No such file or directory)
[ 46419.909] (EE) dbus-core: error connecting to system bus: org.freedesktop.DBus.Error.FileNotFound (Failed to connect to socket /var/run/dbus/system_bus_socket: No such file or directory)
[ 46429.909] (EE) dbus-core: error connecting to system bus: org.freedesktop.DBus.Error.FileNotFound (Failed to connect to socket /var/run/dbus/system_bus_socket: No such file or directory)
[ 46439.911] (EE) dbus-core: error connecting to system bus: org.freedesktop.DBus.Error.FileNotFound (Failed to connect to socket /var/run/dbus/system_bus_socket: No such file or directory)
[ 46449.912] (EE) dbus-core: error connecting to system bus: org.freedesktop.DBus.Error.FileNotFound (Failed to connect to socket /var/run/dbus/system_bus_socket: No such file or directory)
[ 46459.914] (EE) dbus-core: error connecting to system bus: org.freedesktop.DBus.Error.FileNotFound (Failed to connect to socket /var/run/dbus/system_bus_socket: No such file or directory)
[ 46469.915] (EE) dbus-core: error connecting to system bus: org.freedesktop.DBus.Error.FileNotFound (Failed to connect to socket /var/run/dbus/system_bus_socket: No such file or directory)
[ 46479.915] (EE) dbus-core: error connecting to system bus: org.freedesktop.DBus.Error.FileNotFound (Failed to connect to socket /var/run/dbus/system_bus_socket: No such file or directory)
[ 46489.917] (EE) dbus-core: error connecting to system bus: org.freedesktop.DBus.Error.FileNotFound (Failed to connect to socket /var/run/dbus/system_bus_socket: No such file or directory)
[ 46499.918] (EE) dbus-core: error connecting to system bus: org.freedesktop.DBus.Error.FileNotFound (Failed to connect to socket /var/run/dbus/system_bus_socket: No such file or directory)
[ 46509.919] (EE) dbus-core: error connecting to system bus: org.freedesktop.DBus.Error.FileNotFound (Failed to connect to socket /var/run/dbus/system_bus_socket: No such file or directory)
[ 46519.919] (EE) dbus-core: error connecting to system bus: org.freedesktop.DBus.Error.FileNotFound (Failed to connect to socket /var/run/dbus/system_bus_socket: No such file or directory)
[ 46529.921] (EE) dbus-core: error connecting to system bus: org.freedesktop.DBus.Error.FileNotFound (Failed to connect to socket /var/run/dbus/system_bus_socket: No such file or directory)
[ 46539.921] (EE) dbus-core: error connecting to system bus: org.freedesktop.DBus.Error.FileNotFound (Failed to connect to socket /var/run/dbus/system_bus_socket: No such file or directory)
[ 46549.921] (EE) dbus-core: error connecting to system bus: org.freedesktop.DBus.Error.FileNotFound (Failed to connect to socket /var/run/dbus/system_bus_socket: No such file or directory)
[ 46559.924] (EE) dbus-core: error connecting to system bus: org.freedesktop.DBus.Error.FileNotFound (Failed to connect to socket /var/run/dbus/system_bus_socket: No such file or directory)
[ 46569.925] (EE) dbus-core: error connecting to system bus: org.freedesktop.DBus.Error.FileNotFound (Failed to connect to socket /var/run/dbus/system_bus_socket: No such file or directory)
[ 46579.925] (EE) dbus-core: error connecting to system bus: org.freedesktop.DBus.Error.FileNotFound (Failed to connect to socket /var/run/dbus/system_bus_socket: No such file or directory)
[ 46589.926] (EE) dbus-core: error connecting to system bus: org.freedesktop.DBus.Error.FileNotFound (Failed to connect to socket /var/run/dbus/system_bus_socket: No such file or directory)
[ 46599.928] (EE) dbus-core: error connecting to system bus: org.freedesktop.DBus.Error.FileNotFound (Failed to connect to socket /var/run/dbus/system_bus_socket: No such file or directory)
[ 46609.928] (EE) dbus-core: error connecting to system bus: org.freedesktop.DBus.Error.FileNotFound (Failed to connect to socket /var/run/dbus/system_bus_socket: No such file or directory)
[ 46619.928] (EE) dbus-core: error connecting to system bus: org.freedesktop.DBus.Error.FileNotFound (Failed to connect to socket /var/run/dbus/system_bus_socket: No such file or directory)
[ 46629.930] (EE) dbus-core: error connecting to system bus: org.freedesktop.DBus.Error.FileNotFound (Failed to connect to socket /var/run/dbus/system_bus_socket: No such file or directory)
[ 46639.934] (EE) dbus-core: error connecting to system bus: org.freedesktop.DBus.Error.FileNotFound (Failed to connect to socket /var/run/dbus/system_bus_socket: No such file or directory)
[ 46649.935] (EE) dbus-core: error connecting to system bus: org.freedesktop.DBus.Error.FileNotFound (Failed to connect to socket /var/run/dbus/system_bus_socket: No such file or directory)
[ 46659.936] (EE) dbus-core: error connecting to system bus: org.freedesktop.DBus.Error.FileNotFound (Failed to connect to socket /var/run/dbus/system_bus_socket: No such file or directory)
[ 46669.937] (EE) dbus-core: error connecting to system bus: org.freedesktop.DBus.Error.FileNotFound (Failed to connect to socket /var/run/dbus/system_bus_socket: No such file or directory)
[ 46679.938] (EE) dbus-core: error connecting to system bus: org.freedesktop.DBus.Error.FileNotFound (Failed to connect to socket /var/run/dbus/system_bus_socket: No such file or directory)
[ 46689.939] (EE) dbus-core: error connecting to system bus: org.freedesktop.DBus.Error.FileNotFound (Failed to connect to socket /var/run/dbus/system_bus_socket: No such file or directory)
[ 46699.939] (EE) dbus-core: error connecting to system bus: org.freedesktop.DBus.Error.FileNotFound (Failed to connect to socket /var/run/dbus/system_bus_socket: No such file or directory)
[ 46709.940] (EE) dbus-core: error connecting to system bus: org.freedesktop.DBus.Error.FileNotFound (Failed to connect to socket /var/run/dbus/system_bus_socket: No such file or directory)
[ 46719.946] (EE) dbus-core: error connecting to system bus: org.freedesktop.DBus.Error.FileNotFound (Failed to connect to socket /var/run/dbus/system_bus_socket: No such file or directory)
[ 46729.946] (EE) dbus-core: error connecting to system bus: org.freedesktop.DBus.Error.FileNotFound (Failed to connect to socket /var/run/dbus/system_bus_socket: No such file or directory)
[ 46739.948] (EE) dbus-core: error connecting to system bus: org.freedesktop.DBus.Error.FileNotFound (Failed to connect to socket /var/run/dbus/system_bus_socket: No such file or directory)
[ 46749.948] (EE) dbus-core: error connecting to system bus: org.freedesktop.DBus.Error.FileNotFound (Failed to connect to socket /var/run/dbus/system_bus_socket: No such file or directory)
[ 46759.949] (EE) dbus-core: error connecting to system bus: org.freedesktop.DBus.Error.FileNotFound (Failed to connect to socket /var/run/dbus/system_bus_socket: No such file or directory)
[ 46769.949] (EE) dbus-core: error connecting to system bus: org.freedesktop.DBus.Error.FileNotFound (Failed to connect to socket /var/run/dbus/system_bus_socket: No such file or directory)
[ 46779.951] (EE) dbus-core: error connecting to system bus: org.freedesktop.DBus.Error.FileNotFound (Failed to connect to socket /var/run/dbus/system_bus_socket: No such file or directory)
[ 46789.952] (EE) dbus-core: error connecting to system bus: org.freedesktop.DBus.Error.FileNotFound (Failed to connect to socket /var/run/dbus/system_bus_socket: No such file or directory)
[ 46799.953] (EE) dbus-core: error connecting to system bus: org.freedesktop.DBus.Error.FileNotFound (Failed to connect to socket /var/run/dbus/system_bus_socket: No such file or directory)
[ 46809.954] (EE) dbus-core: error connecting to system bus: org.freedesktop.DBus.Error.FileNotFound (Failed to connect to socket /var/run/dbus/system_bus_socket: No such file or directory)
[ 46819.956] (EE) dbus-core: error connecting to system bus: org.freedesktop.DBus.Error.FileNotFound (Failed to connect to socket /var/run/dbus/system_bus_socket: No such file or directory)
[ 46829.956] (EE) dbus-core: error connecting to system bus: org.freedesktop.DBus.Error.FileNotFound (Failed to connect to socket /var/run/dbus/system_bus_socket: No such file or directory)
[ 46839.958] (EE) dbus-core: error connecting to system bus: org.freedesktop.DBus.Error.FileNotFound (Failed to connect to socket /var/run/dbus/system_bus_socket: No such file or directory)
[ 46849.958] (EE) dbus-core: error connecting to system bus: org.freedesktop.DBus.Error.FileNotFound (Failed to connect to socket /var/run/dbus/system_bus_socket: No such file or directory)
[ 46859.959] (EE) dbus-core: error connecting to system bus: org.freedesktop.DBus.Error.FileNotFound (Failed to connect to socket /var/run/dbus/system_bus_socket: No such file or directory)
[ 46869.961] (EE) dbus-core: error connecting to system bus: org.freedesktop.DBus.Error.FileNotFound (Failed to connect to socket /var/run/dbus/system_bus_socket: No such file or directory)
[ 46879.966] (EE) dbus-core: error connecting to system bus: org.freedesktop.DBus.Error.FileNotFound (Failed to connect to socket /var/run/dbus/system_bus_socket: No such file or directory)
[ 46889.967] (EE) dbus-core: error connecting to system bus: org.freedesktop.DBus.Error.FileNotFound (Failed to connect to socket /var/run/dbus/system_bus_socket: No such file or directory)
[ 46899.968] (EE) dbus-core: error connecting to system bus: org.freedesktop.DBus.Error.FileNotFound (Failed to connect to socket /var/run/dbus/system_bus_socket: No such file or directory)
[ 46909.969] (EE) dbus-core: error connecting to system bus: org.freedesktop.DBus.Error.FileNotFound (Failed to connect to socket /var/run/dbus/system_bus_socket: No such file or directory)
[ 46919.969] (EE) dbus-core: error connecting to system bus: org.freedesktop.DBus.Error.FileNotFound (Failed to connect to socket /var/run/dbus/system_bus_socket: No such file or directory)
[ 46929.969] (EE) dbus-core: error connecting to system bus: org.freedesktop.DBus.Error.FileNotFound (Failed to connect to socket /var/run/dbus/system_bus_socket: No such file or directory)
[ 46939.970] (EE) dbus-core: error connecting to system bus: org.freedesktop.DBus.Error.FileNotFound (Failed to connect to socket /var/run/dbus/system_bus_socket: No such file or directory)
[ 46949.971] (EE) dbus-core: error connecting to system bus: org.freedesktop.DBus.Error.FileNotFound (Failed to connect to socket /var/run/dbus/system_bus_socket: No such file or directory)
[ 46959.974] (EE) dbus-core: error connecting to system bus: org.freedesktop.DBus.Error.FileNotFound (Failed to connect to socket /var/run/dbus/system_bus_socket: No such file or directory)
[ 46969.975] (EE) dbus-core: error connecting to system bus: org.freedesktop.DBus.Error.FileNotFound (Failed to connect to socket /var/run/dbus/system_bus_socket: No such file or directory)
[ 46979.975] (EE) dbus-core: error connecting to system bus: org.freedesktop.DBus.Error.FileNotFound (Failed to connect to socket /var/run/dbus/system_bus_socket: No such file or directory)
[ 46989.976] (EE) dbus-core: error connecting to system bus: org.freedesktop.DBus.Error.FileNotFound (Failed to connect to socket /var/run/dbus/system_bus_socket: No such file or directory)
[ 46999.977] (EE) dbus-core: error connecting to system bus: org.freedesktop.DBus.Error.FileNotFound (Failed to connect to socket /var/run/dbus/system_bus_socket: No such file or directory)
[ 47009.977] (EE) dbus-core: error connecting to system bus: org.freedesktop.DBus.Error.FileNotFound (Failed to connect to socket /var/run/dbus/system_bus_socket: No such file or directory)
[ 47019.979] (EE) dbus-core: error connecting to system bus: org.freedesktop.DBus.Error.FileNotFound (Failed to connect to socket /var/run/dbus/system_bus_socket: No such file or directory)
[ 47029.981] (EE) dbus-core: error connecting to system bus: org.freedesktop.DBus.Error.FileNotFound (Failed to connect to socket /var/run/dbus/system_bus_socket: No such file or directory)
[ 47039.982] (EE) dbus-core: error connecting to system bus: org.freedesktop.DBus.Error.FileNotFound (Failed to connect to socket /var/run/dbus/system_bus_socket: No such file or directory)
[ 47049.983] (EE) dbus-core: error connecting to system bus: org.freedesktop.DBus.Error.FileNotFound (Failed to connect to socket /var/run/dbus/system_bus_socket: No such file or directory)
[ 47059.983] (EE) dbus-core: error connecting to system bus: org.freedesktop.DBus.Error.FileNotFound (Failed to connect to socket /var/run/dbus/system_bus_socket: No such file or directory)
[ 47069.983] (EE) dbus-core: error connecting to system bus: org.freedesktop.DBus.Error.FileNotFound (Failed to connect to socket /var/run/dbus/system_bus_socket: No such file or directory)
[ 47079.984] (EE) dbus-core: error connecting to system bus: org.freedesktop.DBus.Error.FileNotFound (Failed to connect to socket /var/run/dbus/system_bus_socket: No such file or directory)
[ 47089.987] (EE) dbus-core: error connecting to system bus: org.freedesktop.DBus.Error.FileNotFound (Failed to connect to socket /var/run/dbus/system_bus_socket: No such file or directory)
[ 47099.988] (EE) dbus-core: error connecting to system bus: org.freedesktop.DBus.Error.FileNotFound (Failed to connect to socket /var/run/dbus/system_bus_socket: No such file or directory)
[ 47109.990] (EE) dbus-core: error connecting to system bus: org.freedesktop.DBus.Error.FileNotFound (Failed to connect to socket /var/run/dbus/system_bus_socket: No such file or directory)
[ 47119.995] (EE) dbus-core: error connecting to system bus: org.freedesktop.DBus.Error.FileNotFound (Failed to connect to socket /var/run/dbus/system_bus_socket: No such file or directory)
[ 47129.995] (EE) dbus-core: error connecting to system bus: org.freedesktop.DBus.Error.FileNotFound (Failed to connect to socket /var/run/dbus/system_bus_socket: No such file or directory)
[ 47139.996] (EE) dbus-core: error connecting to system bus: org.freedesktop.DBus.Error.FileNotFound (Failed to connect to socket /var/run/dbus/system_bus_socket: No such file or directory)
[ 47149.997] (EE) dbus-core: error connecting to system bus: org.freedesktop.DBus.Error.FileNotFound (Failed to connect to socket /var/run/dbus/system_bus_socket: No such file or directory)
[ 47159.998] (EE) dbus-core: error connecting to system bus: org.freedesktop.DBus.Error.FileNotFound (Failed to connect to socket /var/run/dbus/system_bus_socket: No such file or directory)
[ 47170.005] (EE) dbus-core: error connecting to system bus: org.freedesktop.DBus.Error.FileNotFound (Failed to connect to socket /var/run/dbus/system_bus_socket: No such file or directory)
[ 47180.006] (EE) dbus-core: error connecting to system bus: org.freedesktop.DBus.Error.FileNotFound (Failed to connect to socket /var/run/dbus/system_bus_socket: No such file or directory)
[ 47190.006] (EE) dbus-core: error connecting to system bus: org.freedesktop.DBus.Error.FileNotFound (Failed to connect to socket /var/run/dbus/system_bus_socket: No such file or directory)
[ 47200.007] (EE) dbus-core: error connecting to system bus: org.freedesktop.DBus.Error.FileNotFound (Failed to connect to socket /var/run/dbus/system_bus_socket: No such file or directory)
[ 47210.008] (EE) dbus-core: error connecting to system bus: org.freedesktop.DBus.Error.FileNotFound (Failed to connect to socket /var/run/dbus/system_bus_socket: No such file or directory)
[ 47220.009] (EE) dbus-core: error connecting to system bus: org.freedesktop.DBus.Error.FileNotFound (Failed to connect to socket /var/run/dbus/system_bus_socket: No such file or directory)
[ 47230.010] (EE) dbus-core: error connecting to system bus: org.freedesktop.DBus.Error.FileNotFound (Failed to connect to socket /var/run/dbus/system_bus_socket: No such file or directory)
[ 47240.011] (EE) dbus-core: error connecting to system bus: org.freedesktop.DBus.Error.FileNotFound (Failed to connect to socket /var/run/dbus/system_bus_socket: No such file or directory)
[ 47250.012] (EE) dbus-core: error connecting to system bus: org.freedesktop.DBus.Error.FileNotFound (Failed to connect to socket /var/run/dbus/system_bus_socket: No such file or directory)
[ 47260.013] (EE) dbus-core: error connecting to system bus: org.freedesktop.DBus.Error.FileNotFound (Failed to connect to socket /var/run/dbus/system_bus_socket: No such file or directory)
[ 47270.014] (EE) dbus-core: error connecting to system bus: org.freedesktop.DBus.Error.FileNotFound (Failed to connect to socket /var/run/dbus/system_bus_socket: No such file or directory)
[ 47280.015] (EE) dbus-core: error connecting to system bus: org.freedesktop.DBus.Error.FileNotFound (Failed to connect to socket /var/run/dbus/system_bus_socket: No such file or directory)
[ 47290.016] (EE) dbus-core: error connecting to system bus: org.freedesktop.DBus.Error.FileNotFound (Failed to connect to socket /var/run/dbus/system_bus_socket: No such file or directory)
[ 47300.016] (EE) dbus-core: error connecting to system bus: org.freedesktop.DBus.Error.FileNotFound (Failed to connect to socket /var/run/dbus/system_bus_socket: No such file or directory)
[ 47310.016] (EE) dbus-core: error connecting to system bus: org.freedesktop.DBus.Error.FileNotFound (Failed to connect to socket /var/run/dbus/system_bus_socket: No such file or directory)
[ 47320.016] (EE) dbus-core: error connecting to system bus: org.freedesktop.DBus.Error.FileNotFound (Failed to connect to socket /var/run/dbus/system_bus_socket: No such file or directory)
[ 47330.049] (EE) dbus-core: error connecting to system bus: org.freedesktop.DBus.Error.FileNotFound (Failed to connect to socket /var/run/dbus/system_bus_socket: No such file or directory)
[ 47340.050] (EE) dbus-core: error connecting to system bus: org.freedesktop.DBus.Error.FileNotFound (Failed to connect to socket /var/run/dbus/system_bus_socket: No such file or directory)
[ 47350.051] (EE) dbus-core: error connecting to system bus: org.freedesktop.DBus.Error.FileNotFound (Failed to connect to socket /var/run/dbus/system_bus_socket: No such file or directory)
[ 47360.052] (EE) dbus-core: error connecting to system bus: org.freedesktop.DBus.Error.FileNotFound (Failed to connect to socket /var/run/dbus/system_bus_socket: No such file or directory)
[ 47370.053] (EE) dbus-core: error connecting to system bus: org.freedesktop.DBus.Error.FileNotFound (Failed to connect to socket /var/run/dbus/system_bus_socket: No such file or directory)
[ 47380.053] (EE) dbus-core: error connecting to system bus: org.freedesktop.DBus.Error.FileNotFound (Failed to connect to socket /var/run/dbus/system_bus_socket: No such file or directory)
[ 47390.054] (EE) dbus-core: error connecting to system bus: org.freedesktop.DBus.Error.FileNotFound (Failed to connect to socket /var/run/dbus/system_bus_socket: No such file or directory)
[ 47400.055] (EE) dbus-core: error connecting to system bus: org.freedesktop.DBus.Error.FileNotFound (Failed to connect to socket /var/run/dbus/system_bus_socket: No such file or directory)
[ 47410.056] (EE) dbus-core: error connecting to system bus: org.freedesktop.DBus.Error.FileNotFound (Failed to connect to socket /var/run/dbus/system_bus_socket: No such file or directory)
[ 47420.057] (EE) dbus-core: error connecting to system bus: org.freedesktop.DBus.Error.FileNotFound (Failed to connect to socket /var/run/dbus/system_bus_socket: No such file or directory)
[ 47430.057] (EE) dbus-core: error connecting to system bus: org.freedesktop.DBus.Error.FileNotFound (Failed to connect to socket /var/run/dbus/system_bus_socket: No such file or directory)
[ 47440.057] (EE) dbus-core: error connecting to system bus: org.freedesktop.DBus.Error.FileNotFound (Failed to connect to socket /var/run/dbus/system_bus_socket: No such file or directory)
[ 47450.058] (EE) dbus-core: error connecting to system bus: org.freedesktop.DBus.Error.FileNotFound (Failed to connect to socket /var/run/dbus/system_bus_socket: No such file or directory)
[ 47460.059] (EE) dbus-core: error connecting to system bus: org.freedesktop.DBus.Error.FileNotFound (Failed to connect to socket /var/run/dbus/system_bus_socket: No such file or directory)
[ 47470.060] (EE) dbus-core: error connecting to system bus: org.freedesktop.DBus.Error.FileNotFound (Failed to connect to socket /var/run/dbus/system_bus_socket: No such file or directory)
[ 47480.061] (EE) dbus-core: error connecting to system bus: org.freedesktop.DBus.Error.FileNotFound (Failed to connect to socket /var/run/dbus/system_bus_socket: No such file or directory)
[ 47490.061] (EE) dbus-core: error connecting to system bus: org.freedesktop.DBus.Error.FileNotFound (Failed to connect to socket /var/run/dbus/system_bus_socket: No such file or directory)
[ 47500.062] (EE) dbus-core: error connecting to system bus: org.freedesktop.DBus.Error.FileNotFound (Failed to connect to socket /var/run/dbus/system_bus_socket: No such file or directory)
[ 47510.062] (EE) dbus-core: error connecting to system bus: org.freedesktop.DBus.Error.FileNotFound (Failed to connect to socket /var/run/dbus/system_bus_socket: No such file or directory)
[ 47520.063] (EE) dbus-core: error connecting to system bus: org.freedesktop.DBus.Error.FileNotFound (Failed to connect to socket /var/run/dbus/system_bus_socket: No such file or directory)
[ 47530.063] (EE) dbus-core: error connecting to system bus: org.freedesktop.DBus.Error.FileNotFound (Failed to connect to socket /var/run/dbus/system_bus_socket: No such file or directory)
[ 47540.064] (EE) dbus-core: error connecting to system bus: org.freedesktop.DBus.Error.FileNotFound (Failed to connect to socket /var/run/dbus/system_bus_socket: No such file or directory)
[ 47550.068] (EE) dbus-core: error connecting to system bus: org.freedesktop.DBus.Error.FileNotFound (Failed to connect to socket /var/run/dbus/system_bus_socket: No such file or directory)
[ 47560.068] (EE) dbus-core: error connecting to system bus: org.freedesktop.DBus.Error.FileNotFound (Failed to connect to socket /var/run/dbus/system_bus_socket: No such file or directory)
[ 47570.069] (EE) dbus-core: error connecting to system bus: org.freedesktop.DBus.Error.FileNotFound (Failed to connect to socket /var/run/dbus/system_bus_socket: No such file or directory)
[ 47580.070] (EE) dbus-core: error connecting to system bus: org.freedesktop.DBus.Error.FileNotFound (Failed to connect to socket /var/run/dbus/system_bus_socket: No such file or directory)
[ 47590.070] (EE) dbus-core: error connecting to system bus: org.freedesktop.DBus.Error.FileNotFound (Failed to connect to socket /var/run/dbus/system_bus_socket: No such file or directory)
[ 47600.072] (EE) dbus-core: error connecting to system bus: org.freedesktop.DBus.Error.FileNotFound (Failed to connect to socket /var/run/dbus/system_bus_socket: No such file or directory)
[ 47610.073] (EE) dbus-core: error connecting to system bus: org.freedesktop.DBus.Error.FileNotFound (Failed to connect to socket /var/run/dbus/system_bus_socket: No such file or directory)
[ 47620.074] (EE) dbus-core: error connecting to system bus: org.freedesktop.DBus.Error.FileNotFound (Failed to connect to socket /var/run/dbus/system_bus_socket: No such file or directory)
[ 47630.075] (EE) dbus-core: error connecting to system bus: org.freedesktop.DBus.Error.FileNotFound (Failed to connect to socket /var/run/dbus/system_bus_socket: No such file or directory)
[ 47640.077] (EE) dbus-core: error connecting to system bus: org.freedesktop.DBus.Error.FileNotFound (Failed to connect to socket /var/run/dbus/system_bus_socket: No such file or directory)
[ 47650.078] (EE) dbus-core: error connecting to system bus: org.freedesktop.DBus.Error.FileNotFound (Failed to connect to socket /var/run/dbus/system_bus_socket: No such file or directory)
[ 47660.079] (EE) dbus-core: error connecting to system bus: org.freedesktop.DBus.Error.FileNotFound (Failed to connect to socket /var/run/dbus/system_bus_socket: No such file or directory)
[ 47670.079] (EE) dbus-core: error connecting to system bus: org.freedesktop.DBus.Error.FileNotFound (Failed to connect to socket /var/run/dbus/system_bus_socket: No such file or directory)
[ 47680.080] (EE) dbus-core: error connecting to system bus: org.freedesktop.DBus.Error.FileNotFound (Failed to connect to socket /var/run/dbus/system_bus_socket: No such file or directory)
[ 47690.082] (EE) dbus-core: error connecting to system bus: org.freedesktop.DBus.Error.FileNotFound (Failed to connect to socket /var/run/dbus/system_bus_socket: No such file or directory)
[ 47700.083] (EE) dbus-core: error connecting to system bus: org.freedesktop.DBus.Error.FileNotFound (Failed to connect to socket /var/run/dbus/system_bus_socket: No such file or directory)
[ 47710.085] (EE) dbus-core: error connecting to system bus: org.freedesktop.DBus.Error.FileNotFound (Failed to connect to socket /var/run/dbus/system_bus_socket: No such file or directory)
[ 47720.085] (EE) dbus-core: error connecting to system bus: org.freedesktop.DBus.Error.FileNotFound (Failed to connect to socket /var/run/dbus/system_bus_socket: No such file or directory)
[ 47730.086] (EE) dbus-core: error connecting to system bus: org.freedesktop.DBus.Error.FileNotFound (Failed to connect to socket /var/run/dbus/system_bus_socket: No such file or directory)
[ 47740.086] (EE) dbus-core: error connecting to system bus: org.freedesktop.DBus.Error.FileNotFound (Failed to connect to socket /var/run/dbus/system_bus_socket: No such file or directory)
[ 47750.087] (EE) dbus-core: error connecting to system bus: org.freedesktop.DBus.Error.FileNotFound (Failed to connect to socket /var/run/dbus/system_bus_socket: No such file or directory)
[ 47760.089] (EE) dbus-core: error connecting to system bus: org.freedesktop.DBus.Error.FileNotFound (Failed to connect to socket /var/run/dbus/system_bus_socket: No such file or directory)
[ 47770.090] (EE) dbus-core: error connecting to system bus: org.freedesktop.DBus.Error.FileNotFound (Failed to connect to socket /var/run/dbus/system_bus_socket: No such file or directory)
[ 47780.091] (EE) dbus-core: error connecting to system bus: org.freedesktop.DBus.Error.FileNotFound (Failed to connect to socket /var/run/dbus/system_bus_socket: No such file or directory)
[ 47790.091] (EE) dbus-core: error connecting to system bus: org.freedesktop.DBus.Error.FileNotFound (Failed to connect to socket /var/run/dbus/system_bus_socket: No such file or directory)
[ 47800.093] (EE) dbus-core: error connecting to system bus: org.freedesktop.DBus.Error.FileNotFound (Failed to connect to socket /var/run/dbus/system_bus_socket: No such file or directory)
[ 47810.094] (EE) dbus-core: error connecting to system bus: org.freedesktop.DBus.Error.FileNotFound (Failed to connect to socket /var/run/dbus/system_bus_socket: No such file or directory)
[ 47820.094] (EE) dbus-core: error connecting to system bus: org.freedesktop.DBus.Error.FileNotFound (Failed to connect to socket /var/run/dbus/system_bus_socket: No such file or directory)
[ 47830.094] (EE) dbus-core: error connecting to system bus: org.freedesktop.DBus.Error.FileNotFound (Failed to connect to socket /var/run/dbus/system_bus_socket: No such file or directory)
[ 47840.095] (EE) dbus-core: error connecting to system bus: org.freedesktop.DBus.Error.FileNotFound (Failed to connect to socket /var/run/dbus/system_bus_socket: No such file or directory)
[ 47850.095] (EE) dbus-core: error connecting to system bus: org.freedesktop.DBus.Error.FileNotFound (Failed to connect to socket /var/run/dbus/system_bus_socket: No such file or directory)
[ 47860.097] (EE) dbus-core: error connecting to system bus: org.freedesktop.DBus.Error.FileNotFound (Failed to connect to socket /var/run/dbus/system_bus_socket: No such file or directory)
[ 47870.098] (EE) dbus-core: error connecting to system bus: org.freedesktop.DBus.Error.FileNotFound (Failed to connect to socket /var/run/dbus/system_bus_socket: No such file or directory)
[ 47880.099] (EE) dbus-core: error connecting to system bus: org.freedesktop.DBus.Error.FileNotFound (Failed to connect to socket /var/run/dbus/system_bus_socket: No such file or directory)
[ 47890.101] (EE) dbus-core: error connecting to system bus: org.freedesktop.DBus.Error.FileNotFound (Failed to connect to socket /var/run/dbus/system_bus_socket: No such file or directory)
[ 47900.101] (EE) dbus-core: error connecting to system bus: org.freedesktop.DBus.Error.FileNotFound (Failed to connect to socket /var/run/dbus/system_bus_socket: No such file or directory)
[ 47910.104] (EE) dbus-core: error connecting to system bus: org.freedesktop.DBus.Error.FileNotFound (Failed to connect to socket /var/run/dbus/system_bus_socket: No such file or directory)
[ 47920.106] (EE) dbus-core: error connecting to system bus: org.freedesktop.DBus.Error.FileNotFound (Failed to connect to socket /var/run/dbus/system_bus_socket: No such file or directory)
[ 47930.108] (EE) dbus-core: error connecting to system bus: org.freedesktop.DBus.Error.FileNotFound (Failed to connect to socket /var/run/dbus/system_bus_socket: No such file or directory)
[ 47940.109] (EE) dbus-core: error connecting to system bus: org.freedesktop.DBus.Error.FileNotFound (Failed to connect to socket /var/run/dbus/system_bus_socket: No such file or directory)
[ 47950.109] (EE) dbus-core: error connecting to system bus: org.freedesktop.DBus.Error.FileNotFound (Failed to connect to socket /var/run/dbus/system_bus_socket: No such file or directory)
[ 47960.110] (EE) dbus-core: error connecting to system bus: org.freedesktop.DBus.Error.FileNotFound (Failed to connect to socket /var/run/dbus/system_bus_socket: No such file or directory)
[ 47970.111] (EE) dbus-core: error connecting to system bus: org.freedesktop.DBus.Error.FileNotFound (Failed to connect to socket /var/run/dbus/system_bus_socket: No such file or directory)
[ 47980.113] (EE) dbus-core: error connecting to system bus: org.freedesktop.DBus.Error.FileNotFound (Failed to connect to socket /var/run/dbus/system_bus_socket: No such file or directory)
[ 47990.114] (EE) dbus-core: error connecting to system bus: org.freedesktop.DBus.Error.FileNotFound (Failed to connect to socket /var/run/dbus/system_bus_socket: No such file or directory)
[ 48000.116] (EE) dbus-core: error connecting to system bus: org.freedesktop.DBus.Error.FileNotFound (Failed to connect to socket /var/run/dbus/system_bus_socket: No such file or directory)
[ 48010.117] (EE) dbus-core: error connecting to system bus: org.freedesktop.DBus.Error.FileNotFound (Failed to connect to socket /var/run/dbus/system_bus_socket: No such file or directory)
[ 48020.118] (EE) dbus-core: error connecting to system bus: org.freedesktop.DBus.Error.FileNotFound (Failed to connect to socket /var/run/dbus/system_bus_socket: No such file or directory)
[ 48030.119] (EE) dbus-core: error connecting to system bus: org.freedesktop.DBus.Error.FileNotFound (Failed to connect to socket /var/run/dbus/system_bus_socket: No such file or directory)
[ 48040.120] (EE) dbus-core: error connecting to system bus: org.freedesktop.DBus.Error.FileNotFound (Failed to connect to socket /var/run/dbus/system_bus_socket: No such file or directory)
[ 48050.124] (EE) dbus-core: error connecting to system bus: org.freedesktop.DBus.Error.FileNotFound (Failed to connect to socket /var/run/dbus/system_bus_socket: No such file or directory)
[ 48060.125] (EE) dbus-core: error connecting to system bus: org.freedesktop.DBus.Error.FileNotFound (Failed to connect to socket /var/run/dbus/system_bus_socket: No such file or directory)
[ 48070.125] (EE) dbus-core: error connecting to system bus: org.freedesktop.DBus.Error.FileNotFound (Failed to connect to socket /var/run/dbus/system_bus_socket: No such file or directory)
[ 48080.125] (EE) dbus-core: error connecting to system bus: org.freedesktop.DBus.Error.FileNotFound (Failed to connect to socket /var/run/dbus/system_bus_socket: No such file or directory)
[ 48090.127] (EE) dbus-core: error connecting to system bus: org.freedesktop.DBus.Error.FileNotFound (Failed to connect to socket /var/run/dbus/system_bus_socket: No such file or directory)
[ 48100.128] (EE) dbus-core: error connecting to system bus: org.freedesktop.DBus.Error.FileNotFound (Failed to connect to socket /var/run/dbus/system_bus_socket: No such file or directory)
[ 48110.130] (EE) dbus-core: error connecting to system bus: org.freedesktop.DBus.Error.FileNotFound (Failed to connect to socket /var/run/dbus/system_bus_socket: No such file or directory)
[ 48120.132] (EE) dbus-core: error connecting to system bus: org.freedesktop.DBus.Error.FileNotFound (Failed to connect to socket /var/run/dbus/system_bus_socket: No such file or directory)
[ 48130.134] (EE) dbus-core: error connecting to system bus: org.freedesktop.DBus.Error.FileNotFound (Failed to connect to socket /var/run/dbus/system_bus_socket: No such file or directory)
[ 48140.135] (EE) dbus-core: error connecting to system bus: org.freedesktop.DBus.Error.FileNotFound (Failed to connect to socket /var/run/dbus/system_bus_socket: No such file or directory)
[ 48150.136] (EE) dbus-core: error connecting to system bus: org.freedesktop.DBus.Error.FileNotFound (Failed to connect to socket /var/run/dbus/system_bus_socket: No such file or directory)
[ 48160.137] (EE) dbus-core: error connecting to system bus: org.freedesktop.DBus.Error.FileNotFound (Failed to connect to socket /var/run/dbus/system_bus_socket: No such file or directory)
[ 48170.138] (EE) dbus-core: error connecting to system bus: org.freedesktop.DBus.Error.FileNotFound (Failed to connect to socket /var/run/dbus/system_bus_socket: No such file or directory)
[ 48180.139] (EE) dbus-core: error connecting to system bus: org.freedesktop.DBus.Error.FileNotFound (Failed to connect to socket /var/run/dbus/system_bus_socket: No such file or directory)
[ 48190.140] (EE) dbus-core: error connecting to system bus: org.freedesktop.DBus.Error.FileNotFound (Failed to connect to socket /var/run/dbus/system_bus_socket: No such file or directory)
[ 48200.140] (EE) dbus-core: error connecting to system bus: org.freedesktop.DBus.Error.FileNotFound (Failed to connect to socket /var/run/dbus/system_bus_socket: No such file or directory)
[ 48210.144] (EE) dbus-core: error connecting to system bus: org.freedesktop.DBus.Error.FileNotFound (Failed to connect to socket /var/run/dbus/system_bus_socket: No such file or directory)
[ 48220.146] (EE) dbus-core: error connecting to system bus: org.freedesktop.DBus.Error.FileNotFound (Failed to connect to socket /var/run/dbus/system_bus_socket: No such file or directory)
[ 48230.148] (EE) dbus-core: error connecting to system bus: org.freedesktop.DBus.Error.FileNotFound (Failed to connect to socket /var/run/dbus/system_bus_socket: No such file or directory)
[ 48240.148] (EE) dbus-core: error connecting to system bus: org.freedesktop.DBus.Error.FileNotFound (Failed to connect to socket /var/run/dbus/system_bus_socket: No such file or directory)
[ 48250.149] (EE) dbus-core: error connecting to system bus: org.freedesktop.DBus.Error.FileNotFound (Failed to connect to socket /var/run/dbus/system_bus_socket: No such file or directory)
[ 48260.150] (EE) dbus-core: error connecting to system bus: org.freedesktop.DBus.Error.FileNotFound (Failed to connect to socket /var/run/dbus/system_bus_socket: No such file or directory)
[ 48270.150] (EE) dbus-core: error connecting to system bus: org.freedesktop.DBus.Error.FileNotFound (Failed to connect to socket /var/run/dbus/system_bus_socket: No such file or directory)
[ 48280.151] (EE) dbus-core: error connecting to system bus: org.freedesktop.DBus.Error.FileNotFound (Failed to connect to socket /var/run/dbus/system_bus_socket: No such file or directory)
[ 48290.156] (EE) dbus-core: error connecting to system bus: org.freedesktop.DBus.Error.FileNotFound (Failed to connect to socket /var/run/dbus/system_bus_socket: No such file or directory)
[ 48300.156] (EE) dbus-core: error connecting to system bus: org.freedesktop.DBus.Error.FileNotFound (Failed to connect to socket /var/run/dbus/system_bus_socket: No such file or directory)
[ 48310.157] (EE) dbus-core: error connecting to system bus: org.freedesktop.DBus.Error.FileNotFound (Failed to connect to socket /var/run/dbus/system_bus_socket: No such file or directory)
[ 48320.157] (EE) dbus-core: error connecting to system bus: org.freedesktop.DBus.Error.FileNotFound (Failed to connect to socket /var/run/dbus/system_bus_socket: No such file or directory)
[ 48330.158] (EE) dbus-core: error connecting to system bus: org.freedesktop.DBus.Error.FileNotFound (Failed to connect to socket /var/run/dbus/system_bus_socket: No such file or directory)
[ 48340.160] (EE) dbus-core: error connecting to system bus: org.freedesktop.DBus.Error.FileNotFound (Failed to connect to socket /var/run/dbus/system_bus_socket: No such file or directory)
[ 48350.161] (EE) dbus-core: error connecting to system bus: org.freedesktop.DBus.Error.FileNotFound (Failed to connect to socket /var/run/dbus/system_bus_socket: No such file or directory)
[ 48360.164] (EE) dbus-core: error connecting to system bus: org.freedesktop.DBus.Error.FileNotFound (Failed to connect to socket /var/run/dbus/system_bus_socket: No such file or directory)
[ 48370.165] (EE) dbus-core: error connecting to system bus: org.freedesktop.DBus.Error.FileNotFound (Failed to connect to socket /var/run/dbus/system_bus_socket: No such file or directory)
[ 48380.167] (EE) dbus-core: error connecting to system bus: org.freedesktop.DBus.Error.FileNotFound (Failed to connect to socket /var/run/dbus/system_bus_socket: No such file or directory)
[ 48390.168] (EE) dbus-core: error connecting to system bus: org.freedesktop.DBus.Error.FileNotFound (Failed to connect to socket /var/run/dbus/system_bus_socket: No such file or directory)
[ 48400.168] (EE) dbus-core: error connecting to system bus: org.freedesktop.DBus.Error.FileNotFound (Failed to connect to socket /var/run/dbus/system_bus_socket: No such file or directory)
[ 48410.168] (EE) dbus-core: error connecting to system bus: org.freedesktop.DBus.Error.FileNotFound (Failed to connect to socket /var/run/dbus/system_bus_socket: No such file or directory)
[ 48420.169] (EE) dbus-core: error connecting to system bus: org.freedesktop.DBus.Error.FileNotFound (Failed to connect to socket /var/run/dbus/system_bus_socket: No such file or directory)
[ 48430.170] (EE) dbus-core: error connecting to system bus: org.freedesktop.DBus.Error.FileNotFound (Failed to connect to socket /var/run/dbus/system_bus_socket: No such file or directory)
[ 48440.171] (EE) dbus-core: error connecting to system bus: org.freedesktop.DBus.Error.FileNotFound (Failed to connect to socket /var/run/dbus/system_bus_socket: No such file or directory)
[ 48450.171] (EE) dbus-core: error connecting to system bus: org.freedesktop.DBus.Error.FileNotFound (Failed to connect to socket /var/run/dbus/system_bus_socket: No such file or directory)
[ 48460.171] (EE) dbus-core: error connecting to system bus: org.freedesktop.DBus.Error.FileNotFound (Failed to connect to socket /var/run/dbus/system_bus_socket: No such file or directory)
[ 48470.171] (EE) dbus-core: error connecting to system bus: org.freedesktop.DBus.Error.FileNotFound (Failed to connect to socket /var/run/dbus/system_bus_socket: No such file or directory)
[ 48480.172] (EE) dbus-core: error connecting to system bus: org.freedesktop.DBus.Error.FileNotFound (Failed to connect to socket /var/run/dbus/system_bus_socket: No such file or directory)
[ 48490.173] (EE) dbus-core: error connecting to system bus: org.freedesktop.DBus.Error.FileNotFound (Failed to connect to socket /var/run/dbus/system_bus_socket: No such file or directory)
[ 48500.174] (EE) dbus-core: error connecting to system bus: org.freedesktop.DBus.Error.FileNotFound (Failed to connect to socket /var/run/dbus/system_bus_socket: No such file or directory)
[ 48510.175] (EE) dbus-core: error connecting to system bus: org.freedesktop.DBus.Error.FileNotFound (Failed to connect to socket /var/run/dbus/system_bus_socket: No such file or directory)
[ 48520.176] (EE) dbus-core: error connecting to system bus: org.freedesktop.DBus.Error.FileNotFound (Failed to connect to socket /var/run/dbus/system_bus_socket: No such file or directory)
[ 48530.177] (EE) dbus-core: error connecting to system bus: org.freedesktop.DBus.Error.FileNotFound (Failed to connect to socket /var/run/dbus/system_bus_socket: No such file or directory)
[ 48540.177] (EE) dbus-core: error connecting to system bus: org.freedesktop.DBus.Error.FileNotFound (Failed to connect to socket /var/run/dbus/system_bus_socket: No such file or directory)
[ 48550.178] (EE) dbus-core: error connecting to system bus: org.freedesktop.DBus.Error.FileNotFound (Failed to connect to socket /var/run/dbus/system_bus_socket: No such file or directory)
[ 48560.178] (EE) dbus-core: error connecting to system bus: org.freedesktop.DBus.Error.FileNotFound (Failed to connect to socket /var/run/dbus/system_bus_socket: No such file or directory)
[ 48570.178] (EE) dbus-core: error connecting to system bus: org.freedesktop.DBus.Error.FileNotFound (Failed to connect to socket /var/run/dbus/system_bus_socket: No such file or directory)
[ 48580.179] (EE) dbus-core: error connecting to system bus: org.freedesktop.DBus.Error.FileNotFound (Failed to connect to socket /var/run/dbus/system_bus_socket: No such file or directory)
[ 48590.180] (EE) dbus-core: error connecting to system bus: org.freedesktop.DBus.Error.FileNotFound (Failed to connect to socket /var/run/dbus/system_bus_socket: No such file or directory)
[ 48600.181] (EE) dbus-core: error connecting to system bus: org.freedesktop.DBus.Error.FileNotFound (Failed to connect to socket /var/run/dbus/system_bus_socket: No such file or directory)
[ 48610.181] (EE) dbus-core: error connecting to system bus: org.freedesktop.DBus.Error.FileNotFound (Failed to connect to socket /var/run/dbus/system_bus_socket: No such file or directory)
[ 48620.185] (EE) dbus-core: error connecting to system bus: org.freedesktop.DBus.Error.FileNotFound (Failed to connect to socket /var/run/dbus/system_bus_socket: No such file or directory)
[ 48630.187] (EE) dbus-core: error connecting to system bus: org.freedesktop.DBus.Error.FileNotFound (Failed to connect to socket /var/run/dbus/system_bus_socket: No such file or directory)
[ 48640.188] (EE) dbus-core: error connecting to system bus: org.freedesktop.DBus.Error.FileNotFound (Failed to connect to socket /var/run/dbus/system_bus_socket: No such file or directory)
[ 48650.188] (EE) dbus-core: error connecting to system bus: org.freedesktop.DBus.Error.FileNotFound (Failed to connect to socket /var/run/dbus/system_bus_socket: No such file or directory)
[ 48660.189] (EE) dbus-core: error connecting to system bus: org.freedesktop.DBus.Error.FileNotFound (Failed to connect to socket /var/run/dbus/system_bus_socket: No such file or directory)
[ 48670.190] (EE) dbus-core: error connecting to system bus: org.freedesktop.DBus.Error.FileNotFound (Failed to connect to socket /var/run/dbus/system_bus_socket: No such file or directory)
[ 48680.191] (EE) dbus-core: error connecting to system bus: org.freedesktop.DBus.Error.FileNotFound (Failed to connect to socket /var/run/dbus/system_bus_socket: No such file or directory)
[ 48690.192] (EE) dbus-core: error connecting to system bus: org.freedesktop.DBus.Error.FileNotFound (Failed to connect to socket /var/run/dbus/system_bus_socket: No such file or directory)
